
ROM used:   203/8192 (2%)
            203/8192 (2%) including unused fragments

            0.3 Average locations per line
            25.4 Average locations per statement

RAM used:   19/368 (5%) at main() level
            32/368 (9%) worst case

Stack used: 0 worst case (0 in main + 0 for interrupts)
Stack size: 8

Lines Stmts  %   Files
----- ----- ---  -----
   23     8 100  main.c
   10     0   0  main.h
  661     0   0  ..\..\..\..\..\Program Files (x86)\PICC\Devices\16F877A.h
----- -----
  694     8 Total

Page ROM  %  RAM   Vol Diff  Functions:
---- --- --- ---   --- ----  ----------
0     12   6    0             @const619
0    108  53   14   316  6.5  main
0     79  39   13             @DIV3232
 Inline         0             @cinit1

Program metrics:
    Functions               1
    Statements              8
    Comments                112
    Volume (V)              322
    Difficulty (D)          5.9
    Effort to implement (E) 1891
    Time to implement (T)   2 minutes
    Est Delivered Bugs (B)  0
    Cyclomatic Complexity   1
    Maintainability (MI)    75

 Segment     Used  Free
-----------  ----  ----
00000-00003     4  0  
00004-007FF   199  1845  
00800-00FFF     0  2048  
01000-017FF     0  2048  
01800-01FFF     0  2048  



