
ROM used:   332/8192 (4%)
            332/8192 (4%) including unused fragments

            0.4 Average locations per line
            6.4 Average locations per statement

RAM used:   6/368 (2%) at main() level
            7/368 (2%) worst case

Stack used: 0 worst case (0 in main + 0 for interrupts)
Stack size: 8

Lines Stmts  %   Files
----- ----- ---  -----
   68    52 100  main.c
   10     0   0  main.h
  661     0   0  ..\..\..\..\..\Program Files (x86)\PICC\Devices\16F877A.h
----- -----
  739    52 Total

Page ROM  %  RAM   Vol Diff  Functions:
---- --- --- ---   --- ----  ----------
0     22   7    1             @delay_ms2
0     21   6    0    61  1.5  main
0    285  86    1  1528  2.5  kp_scan
 Inline         0             @cinit1

Program metrics:
    Functions               2
    Statements              52
    Comments                121
    Volume (V)              1684
    Difficulty (D)          4.3
    Effort to implement (E) 7194
    Time to implement (T)   7 minutes
    Est Delivered Bugs (B)  0
    Cyclomatic Complexity   11
    Maintainability (MI)    57

 Segment     Used  Free
-----------  ----  ----
00000-00003     4  0  
00004-007FF   328  1716  
00800-00FFF     0  2048  
01000-017FF     0  2048  
01800-01FFF     0  2048  



